<?xml version="1.0" encoding="UTF-8"?>
<!-- Generated by org.testng.reporters.JUnitReportReporter -->
<testsuite ignored="0" hostname="DESKTOP-7VC2O0B" failures="0" tests="2" name="testng.TestNGBasics" time="0.007" errors="0" timestamp="26 Jul 2021 16:31:58 GMT" skipped="0">
  <testcase classname="testng.TestNGBasics" name="thisIsATest" time="0.004"/>
  <testcase classname="testng.TestNGBasics" name="testInAnotherGroup" time="0.003"/>
</testsuite> <!-- testng.TestNGBasics -->
