<?xml version="1.0" encoding="UTF-8"?>
<!-- Generated by org.testng.reporters.JUnitReportReporter -->
<testsuite ignored="0" hostname="DESKTOP-7VC2O0B" failures="0" tests="3" name="testng.TestCustomerService" time="0.008" errors="0" timestamp="26 Jul 2021 18:17:48 GMT" skipped="0">
  <testcase classname="testng.TestCustomerService" name="testGetCustomerReturn" time="0.004"/>
  <testcase classname="testng.TestCustomerService" name="testGetCustomerUsername" time="0.003"/>
  <testcase classname="testng.TestCustomerService" name="testGetCustomerPassword" time="0.001"/>
</testsuite> <!-- testng.TestCustomerService -->
