<?xml version="1.0" encoding="UTF-8"?>
<!-- Generated by org.testng.reporters.JUnitReportReporter -->
<testsuite ignored="0" hostname="DESKTOP-7VC2O0B" failures="0" tests="3" name="testng.TestBookService" time="0.024" errors="0" timestamp="26 Jul 2021 18:17:48 GMT" skipped="0">
  <testcase classname="testng.TestBookService" name="testGetOneBook" time="0.007"/>
  <testcase classname="testng.TestBookService" name="testSearchByGenre" time="0.002"/>
  <testcase classname="testng.TestBookService" name="testGetAllBooks" time="0.015"/>
</testsuite> <!-- testng.TestBookService -->
