<?xml version="1.0" encoding="UTF-8"?>
<!-- Generated by org.testng.reporters.JUnitReportReporter -->
<testsuite ignored="0" hostname="DESKTOP-7VC2O0B" failures="0" tests="3" name="testng.TestManagerService" time="0.007" errors="0" timestamp="26 Jul 2021 18:17:48 GMT" skipped="0">
  <testcase classname="testng.TestManagerService" name="testGetManagerUsername" time="0.004"/>
  <testcase classname="testng.TestManagerService" name="testGetManagerReturn" time="0.002"/>
  <testcase classname="testng.TestManagerService" name="testGetManagerPassword" time="0.001"/>
</testsuite> <!-- testng.TestManagerService -->
